// 同步 ID: 4ca2a9e7 @ Sun Jul 12 07:21:22 UTC 2026
// 同步 ID: 2870394d @ Sun Jul 12 09:32:03 UTC 2026
// 重构日志: c28feaa9
// 重构日志: a94874e2
// 重构日志: d9612987
// 重构日志: 32ed62f8
// 重构日志: fc0f1934
// 同步 ID: 30ef5b01 @ Wed Jul 15 00:23:28 UTC 2026
// 重构日志: 6f5a51f1
// 重构日志: 940b24c7
// 重构日志: 1d600020
// 重构日志: 1a8f627d
// 重构日志: ef144053
// 重构日志: 68155742
// 重构日志: 7d6e8f35
// 同步 ID: b4a8014d @ Sat Jul 18 00:28:49 UTC 2026
// 重构日志: fbdad287
// 重构日志: 98698cbb
// 同步 ID: 40ddca7c @ Sun Jul 19 09:42:56 UTC 2026
// 重构日志: 6b56774d
// 重构日志: b2146b12
// 重构日志: 1b93ef3d
// 同步 ID: 07808b8b @ Sun Jul 19 21:24:02 UTC 2026
// 同步 ID: 8a4ce2af @ Tue Jul 21 17:09:51 UTC 2026
// 重构日志: 436fb145
// 同步 ID: 8a69b874 @ Wed Jul 22 17:28:47 UTC 2026
// 重构日志: 3d30e68b
// 重构日志: b3f4339c
// 重构日志: ce8b8d04
// 同步 ID: 85d820f2 @ Fri Jul 24 10:20:02 UTC 2026
// 重构日志: 2d242d6b
